ARM GAS  C:\Users\djame\AppData\Local\Temp\ccfL1qbE.s 			page 1


   1              		.cpu cortex-m3
   2              		.eabi_attribute 20, 1
   3              		.eabi_attribute 21, 1
   4              		.eabi_attribute 23, 3
   5              		.eabi_attribute 24, 1
   6              		.eabi_attribute 25, 1
   7              		.eabi_attribute 26, 1
   8              		.eabi_attribute 30, 1
   9              		.eabi_attribute 34, 1
  10              		.eabi_attribute 18, 4
  11              		.file	"stm32f1xx_hal_msp.c"
  12              		.text
  13              	.Ltext0:
  14              		.cfi_sections	.debug_frame
  15              		.section	.text.HAL_MspInit,"ax",%progbits
  16              		.align	1
  17              		.global	HAL_MspInit
  18              		.syntax unified
  19              		.thumb
  20              		.thumb_func
  21              		.fpu softvfp
  23              	HAL_MspInit:
  24              	.LFB64:
  25              		.file 1 "Src/stm32f1xx_hal_msp.c"
   1:Src/stm32f1xx_hal_msp.c **** /* USER CODE BEGIN Header */
   2:Src/stm32f1xx_hal_msp.c **** /**
   3:Src/stm32f1xx_hal_msp.c ****   ******************************************************************************
   4:Src/stm32f1xx_hal_msp.c ****   * File Name          : stm32f1xx_hal_msp.c
   5:Src/stm32f1xx_hal_msp.c ****   * Description        : This file provides code for the MSP Initialization 
   6:Src/stm32f1xx_hal_msp.c ****   *                      and de-Initialization codes.
   7:Src/stm32f1xx_hal_msp.c ****   ******************************************************************************
   8:Src/stm32f1xx_hal_msp.c ****   * @attention
   9:Src/stm32f1xx_hal_msp.c ****   *
  10:Src/stm32f1xx_hal_msp.c ****   * <h2><center>&copy; Copyright (c) 2019 STMicroelectronics.
  11:Src/stm32f1xx_hal_msp.c ****   * All rights reserved.</center></h2>
  12:Src/stm32f1xx_hal_msp.c ****   *
  13:Src/stm32f1xx_hal_msp.c ****   * This software component is licensed by ST under BSD 3-Clause license,
  14:Src/stm32f1xx_hal_msp.c ****   * the "License"; You may not use this file except in compliance with the
  15:Src/stm32f1xx_hal_msp.c ****   * License. You may obtain a copy of the License at:
  16:Src/stm32f1xx_hal_msp.c ****   *                        opensource.org/licenses/BSD-3-Clause
  17:Src/stm32f1xx_hal_msp.c ****   *
  18:Src/stm32f1xx_hal_msp.c ****   ******************************************************************************
  19:Src/stm32f1xx_hal_msp.c ****   */
  20:Src/stm32f1xx_hal_msp.c **** /* USER CODE END Header */
  21:Src/stm32f1xx_hal_msp.c **** 
  22:Src/stm32f1xx_hal_msp.c **** /* Includes ------------------------------------------------------------------*/
  23:Src/stm32f1xx_hal_msp.c **** #include "main.h"
  24:Src/stm32f1xx_hal_msp.c **** /* USER CODE BEGIN Includes */
  25:Src/stm32f1xx_hal_msp.c **** 
  26:Src/stm32f1xx_hal_msp.c **** /* USER CODE END Includes */
  27:Src/stm32f1xx_hal_msp.c **** 
  28:Src/stm32f1xx_hal_msp.c **** /* Private typedef -----------------------------------------------------------*/
  29:Src/stm32f1xx_hal_msp.c **** /* USER CODE BEGIN TD */
  30:Src/stm32f1xx_hal_msp.c **** 
  31:Src/stm32f1xx_hal_msp.c **** /* USER CODE END TD */
  32:Src/stm32f1xx_hal_msp.c **** 
  33:Src/stm32f1xx_hal_msp.c **** /* Private define ------------------------------------------------------------*/
ARM GAS  C:\Users\djame\AppData\Local\Temp\ccfL1qbE.s 			page 2


  34:Src/stm32f1xx_hal_msp.c **** /* USER CODE BEGIN Define */
  35:Src/stm32f1xx_hal_msp.c ****  
  36:Src/stm32f1xx_hal_msp.c **** /* USER CODE END Define */
  37:Src/stm32f1xx_hal_msp.c **** 
  38:Src/stm32f1xx_hal_msp.c **** /* Private macro -------------------------------------------------------------*/
  39:Src/stm32f1xx_hal_msp.c **** /* USER CODE BEGIN Macro */
  40:Src/stm32f1xx_hal_msp.c **** 
  41:Src/stm32f1xx_hal_msp.c **** /* USER CODE END Macro */
  42:Src/stm32f1xx_hal_msp.c **** 
  43:Src/stm32f1xx_hal_msp.c **** /* Private variables ---------------------------------------------------------*/
  44:Src/stm32f1xx_hal_msp.c **** /* USER CODE BEGIN PV */
  45:Src/stm32f1xx_hal_msp.c **** 
  46:Src/stm32f1xx_hal_msp.c **** /* USER CODE END PV */
  47:Src/stm32f1xx_hal_msp.c **** 
  48:Src/stm32f1xx_hal_msp.c **** /* Private function prototypes -----------------------------------------------*/
  49:Src/stm32f1xx_hal_msp.c **** /* USER CODE BEGIN PFP */
  50:Src/stm32f1xx_hal_msp.c **** 
  51:Src/stm32f1xx_hal_msp.c **** /* USER CODE END PFP */
  52:Src/stm32f1xx_hal_msp.c **** 
  53:Src/stm32f1xx_hal_msp.c **** /* External functions --------------------------------------------------------*/
  54:Src/stm32f1xx_hal_msp.c **** /* USER CODE BEGIN ExternalFunctions */
  55:Src/stm32f1xx_hal_msp.c **** 
  56:Src/stm32f1xx_hal_msp.c **** /* USER CODE END ExternalFunctions */
  57:Src/stm32f1xx_hal_msp.c **** 
  58:Src/stm32f1xx_hal_msp.c **** /* USER CODE BEGIN 0 */
  59:Src/stm32f1xx_hal_msp.c **** 
  60:Src/stm32f1xx_hal_msp.c **** /* USER CODE END 0 */
  61:Src/stm32f1xx_hal_msp.c **** /**
  62:Src/stm32f1xx_hal_msp.c ****   * Initializes the Global MSP.
  63:Src/stm32f1xx_hal_msp.c ****   */
  64:Src/stm32f1xx_hal_msp.c **** void HAL_MspInit(void)
  65:Src/stm32f1xx_hal_msp.c **** {
  26              		.loc 1 65 0
  27              		.cfi_startproc
  28              		@ args = 0, pretend = 0, frame = 8
  29              		@ frame_needed = 0, uses_anonymous_args = 0
  30              		@ link register save eliminated.
  31 0000 82B0     		sub	sp, sp, #8
  32              	.LCFI0:
  33              		.cfi_def_cfa_offset 8
  34              	.LBB2:
  66:Src/stm32f1xx_hal_msp.c ****   /* USER CODE BEGIN MspInit 0 */
  67:Src/stm32f1xx_hal_msp.c **** 
  68:Src/stm32f1xx_hal_msp.c ****   /* USER CODE END MspInit 0 */
  69:Src/stm32f1xx_hal_msp.c **** 
  70:Src/stm32f1xx_hal_msp.c ****   __HAL_RCC_AFIO_CLK_ENABLE();
  35              		.loc 1 70 0
  36 0002 0E4B     		ldr	r3, .L3
  37 0004 9A69     		ldr	r2, [r3, #24]
  38 0006 42F00102 		orr	r2, r2, #1
  39 000a 9A61     		str	r2, [r3, #24]
  40 000c 9A69     		ldr	r2, [r3, #24]
  41 000e 02F00102 		and	r2, r2, #1
  42 0012 0092     		str	r2, [sp]
  43 0014 009A     		ldr	r2, [sp]
  44              	.LBE2:
  45              	.LBB3:
ARM GAS  C:\Users\djame\AppData\Local\Temp\ccfL1qbE.s 			page 3


  71:Src/stm32f1xx_hal_msp.c ****   __HAL_RCC_PWR_CLK_ENABLE();
  46              		.loc 1 71 0
  47 0016 DA69     		ldr	r2, [r3, #28]
  48 0018 42F08052 		orr	r2, r2, #268435456
  49 001c DA61     		str	r2, [r3, #28]
  50 001e DB69     		ldr	r3, [r3, #28]
  51 0020 03F08053 		and	r3, r3, #268435456
  52 0024 0193     		str	r3, [sp, #4]
  53 0026 019B     		ldr	r3, [sp, #4]
  54              	.LBE3:
  55              	.LBB4:
  72:Src/stm32f1xx_hal_msp.c **** 
  73:Src/stm32f1xx_hal_msp.c ****   /* System interrupt init*/
  74:Src/stm32f1xx_hal_msp.c **** 
  75:Src/stm32f1xx_hal_msp.c ****   /** NOJTAG: JTAG-DP Disabled and SW-DP Enabled 
  76:Src/stm32f1xx_hal_msp.c ****   */
  77:Src/stm32f1xx_hal_msp.c ****   __HAL_AFIO_REMAP_SWJ_NOJTAG();
  56              		.loc 1 77 0
  57 0028 054A     		ldr	r2, .L3+4
  58 002a 5368     		ldr	r3, [r2, #4]
  59              	.LVL0:
  60 002c 23F0E063 		bic	r3, r3, #117440512
  61              	.LVL1:
  62 0030 43F00073 		orr	r3, r3, #33554432
  63              	.LVL2:
  64 0034 5360     		str	r3, [r2, #4]
  65              	.LBE4:
  78:Src/stm32f1xx_hal_msp.c **** 
  79:Src/stm32f1xx_hal_msp.c ****   /* USER CODE BEGIN MspInit 1 */
  80:Src/stm32f1xx_hal_msp.c **** 
  81:Src/stm32f1xx_hal_msp.c ****   /* USER CODE END MspInit 1 */
  82:Src/stm32f1xx_hal_msp.c **** }
  66              		.loc 1 82 0
  67 0036 02B0     		add	sp, sp, #8
  68              	.LCFI1:
  69              		.cfi_def_cfa_offset 0
  70              		@ sp needed
  71 0038 7047     		bx	lr
  72              	.L4:
  73 003a 00BF     		.align	2
  74              	.L3:
  75 003c 00100240 		.word	1073876992
  76 0040 00000140 		.word	1073807360
  77              		.cfi_endproc
  78              	.LFE64:
  80              		.section	.text.HAL_SPI_MspInit,"ax",%progbits
  81              		.align	1
  82              		.global	HAL_SPI_MspInit
  83              		.syntax unified
  84              		.thumb
  85              		.thumb_func
  86              		.fpu softvfp
  88              	HAL_SPI_MspInit:
  89              	.LFB65:
  83:Src/stm32f1xx_hal_msp.c **** 
  84:Src/stm32f1xx_hal_msp.c **** /**
  85:Src/stm32f1xx_hal_msp.c **** * @brief SPI MSP Initialization
ARM GAS  C:\Users\djame\AppData\Local\Temp\ccfL1qbE.s 			page 4


  86:Src/stm32f1xx_hal_msp.c **** * This function configures the hardware resources used in this example
  87:Src/stm32f1xx_hal_msp.c **** * @param hspi: SPI handle pointer
  88:Src/stm32f1xx_hal_msp.c **** * @retval None
  89:Src/stm32f1xx_hal_msp.c **** */
  90:Src/stm32f1xx_hal_msp.c **** void HAL_SPI_MspInit(SPI_HandleTypeDef* hspi)
  91:Src/stm32f1xx_hal_msp.c **** {
  90              		.loc 1 91 0
  91              		.cfi_startproc
  92              		@ args = 0, pretend = 0, frame = 24
  93              		@ frame_needed = 0, uses_anonymous_args = 0
  94              	.LVL3:
  95 0000 00B5     		push	{lr}
  96              	.LCFI2:
  97              		.cfi_def_cfa_offset 4
  98              		.cfi_offset 14, -4
  99 0002 87B0     		sub	sp, sp, #28
 100              	.LCFI3:
 101              		.cfi_def_cfa_offset 32
  92:Src/stm32f1xx_hal_msp.c ****   GPIO_InitTypeDef GPIO_InitStruct = {0};
 102              		.loc 1 92 0
 103 0004 0023     		movs	r3, #0
 104 0006 0293     		str	r3, [sp, #8]
 105 0008 0393     		str	r3, [sp, #12]
 106 000a 0493     		str	r3, [sp, #16]
 107 000c 0593     		str	r3, [sp, #20]
  93:Src/stm32f1xx_hal_msp.c ****   if(hspi->Instance==SPI1)
 108              		.loc 1 93 0
 109 000e 0268     		ldr	r2, [r0]
 110 0010 184B     		ldr	r3, .L9
 111 0012 9A42     		cmp	r2, r3
 112 0014 02D0     		beq	.L8
 113              	.LVL4:
 114              	.L5:
  94:Src/stm32f1xx_hal_msp.c ****   {
  95:Src/stm32f1xx_hal_msp.c ****   /* USER CODE BEGIN SPI1_MspInit 0 */
  96:Src/stm32f1xx_hal_msp.c **** 
  97:Src/stm32f1xx_hal_msp.c ****   /* USER CODE END SPI1_MspInit 0 */
  98:Src/stm32f1xx_hal_msp.c ****     /* Peripheral clock enable */
  99:Src/stm32f1xx_hal_msp.c ****     __HAL_RCC_SPI1_CLK_ENABLE();
 100:Src/stm32f1xx_hal_msp.c ****   
 101:Src/stm32f1xx_hal_msp.c ****     __HAL_RCC_GPIOB_CLK_ENABLE();
 102:Src/stm32f1xx_hal_msp.c ****     /**SPI1 GPIO Configuration    
 103:Src/stm32f1xx_hal_msp.c ****     PB3     ------> SPI1_SCK
 104:Src/stm32f1xx_hal_msp.c ****     PB5     ------> SPI1_MOSI 
 105:Src/stm32f1xx_hal_msp.c ****     */
 106:Src/stm32f1xx_hal_msp.c ****     GPIO_InitStruct.Pin = GPIO_PIN_3|GPIO_PIN_5;
 107:Src/stm32f1xx_hal_msp.c ****     GPIO_InitStruct.Mode = GPIO_MODE_INPUT;
 108:Src/stm32f1xx_hal_msp.c ****     GPIO_InitStruct.Pull = GPIO_NOPULL;
 109:Src/stm32f1xx_hal_msp.c ****     HAL_GPIO_Init(GPIOB, &GPIO_InitStruct);
 110:Src/stm32f1xx_hal_msp.c **** 
 111:Src/stm32f1xx_hal_msp.c ****     __HAL_AFIO_REMAP_SPI1_ENABLE();
 112:Src/stm32f1xx_hal_msp.c **** 
 113:Src/stm32f1xx_hal_msp.c ****     /* SPI1 interrupt Init */
 114:Src/stm32f1xx_hal_msp.c ****     HAL_NVIC_SetPriority(SPI1_IRQn, 0, 0);
 115:Src/stm32f1xx_hal_msp.c ****     HAL_NVIC_EnableIRQ(SPI1_IRQn);
 116:Src/stm32f1xx_hal_msp.c ****   /* USER CODE BEGIN SPI1_MspInit 1 */
 117:Src/stm32f1xx_hal_msp.c **** 
ARM GAS  C:\Users\djame\AppData\Local\Temp\ccfL1qbE.s 			page 5


 118:Src/stm32f1xx_hal_msp.c ****   /* USER CODE END SPI1_MspInit 1 */
 119:Src/stm32f1xx_hal_msp.c ****   }
 120:Src/stm32f1xx_hal_msp.c **** 
 121:Src/stm32f1xx_hal_msp.c **** }
 115              		.loc 1 121 0
 116 0016 07B0     		add	sp, sp, #28
 117              	.LCFI4:
 118              		.cfi_remember_state
 119              		.cfi_def_cfa_offset 4
 120              		@ sp needed
 121 0018 5DF804FB 		ldr	pc, [sp], #4
 122              	.LVL5:
 123              	.L8:
 124              	.LCFI5:
 125              		.cfi_restore_state
 126              	.LBB5:
  99:Src/stm32f1xx_hal_msp.c ****   
 127              		.loc 1 99 0
 128 001c 03F56043 		add	r3, r3, #57344
 129 0020 9A69     		ldr	r2, [r3, #24]
 130 0022 42F48052 		orr	r2, r2, #4096
 131 0026 9A61     		str	r2, [r3, #24]
 132 0028 9A69     		ldr	r2, [r3, #24]
 133 002a 02F48052 		and	r2, r2, #4096
 134 002e 0092     		str	r2, [sp]
 135 0030 009A     		ldr	r2, [sp]
 136              	.LBE5:
 137              	.LBB6:
 101:Src/stm32f1xx_hal_msp.c ****     /**SPI1 GPIO Configuration    
 138              		.loc 1 101 0
 139 0032 9A69     		ldr	r2, [r3, #24]
 140 0034 42F00802 		orr	r2, r2, #8
 141 0038 9A61     		str	r2, [r3, #24]
 142 003a 9B69     		ldr	r3, [r3, #24]
 143 003c 03F00803 		and	r3, r3, #8
 144 0040 0193     		str	r3, [sp, #4]
 145 0042 019B     		ldr	r3, [sp, #4]
 146              	.LBE6:
 106:Src/stm32f1xx_hal_msp.c ****     GPIO_InitStruct.Mode = GPIO_MODE_INPUT;
 147              		.loc 1 106 0
 148 0044 06A9     		add	r1, sp, #24
 149 0046 2823     		movs	r3, #40
 150 0048 41F8103D 		str	r3, [r1, #-16]!
 109:Src/stm32f1xx_hal_msp.c **** 
 151              		.loc 1 109 0
 152 004c 0A48     		ldr	r0, .L9+4
 153              	.LVL6:
 154 004e FFF7FEFF 		bl	HAL_GPIO_Init
 155              	.LVL7:
 156              	.LBB7:
 111:Src/stm32f1xx_hal_msp.c **** 
 157              		.loc 1 111 0
 158 0052 0A4A     		ldr	r2, .L9+8
 159 0054 5368     		ldr	r3, [r2, #4]
 160              	.LVL8:
 161 0056 43F0E063 		orr	r3, r3, #117440512
 162              	.LVL9:
ARM GAS  C:\Users\djame\AppData\Local\Temp\ccfL1qbE.s 			page 6


 163 005a 43F00103 		orr	r3, r3, #1
 164              	.LVL10:
 165 005e 5360     		str	r3, [r2, #4]
 166              	.LBE7:
 114:Src/stm32f1xx_hal_msp.c ****     HAL_NVIC_EnableIRQ(SPI1_IRQn);
 167              		.loc 1 114 0
 168 0060 0022     		movs	r2, #0
 169 0062 1146     		mov	r1, r2
 170 0064 2320     		movs	r0, #35
 171 0066 FFF7FEFF 		bl	HAL_NVIC_SetPriority
 172              	.LVL11:
 115:Src/stm32f1xx_hal_msp.c ****   /* USER CODE BEGIN SPI1_MspInit 1 */
 173              		.loc 1 115 0
 174 006a 2320     		movs	r0, #35
 175 006c FFF7FEFF 		bl	HAL_NVIC_EnableIRQ
 176              	.LVL12:
 177              		.loc 1 121 0
 178 0070 D1E7     		b	.L5
 179              	.L10:
 180 0072 00BF     		.align	2
 181              	.L9:
 182 0074 00300140 		.word	1073819648
 183 0078 000C0140 		.word	1073810432
 184 007c 00000140 		.word	1073807360
 185              		.cfi_endproc
 186              	.LFE65:
 188              		.section	.text.HAL_SPI_MspDeInit,"ax",%progbits
 189              		.align	1
 190              		.global	HAL_SPI_MspDeInit
 191              		.syntax unified
 192              		.thumb
 193              		.thumb_func
 194              		.fpu softvfp
 196              	HAL_SPI_MspDeInit:
 197              	.LFB66:
 122:Src/stm32f1xx_hal_msp.c **** 
 123:Src/stm32f1xx_hal_msp.c **** /**
 124:Src/stm32f1xx_hal_msp.c **** * @brief SPI MSP De-Initialization
 125:Src/stm32f1xx_hal_msp.c **** * This function freeze the hardware resources used in this example
 126:Src/stm32f1xx_hal_msp.c **** * @param hspi: SPI handle pointer
 127:Src/stm32f1xx_hal_msp.c **** * @retval None
 128:Src/stm32f1xx_hal_msp.c **** */
 129:Src/stm32f1xx_hal_msp.c **** void HAL_SPI_MspDeInit(SPI_HandleTypeDef* hspi)
 130:Src/stm32f1xx_hal_msp.c **** {
 198              		.loc 1 130 0
 199              		.cfi_startproc
 200              		@ args = 0, pretend = 0, frame = 0
 201              		@ frame_needed = 0, uses_anonymous_args = 0
 202              	.LVL13:
 203 0000 08B5     		push	{r3, lr}
 204              	.LCFI6:
 205              		.cfi_def_cfa_offset 8
 206              		.cfi_offset 3, -8
 207              		.cfi_offset 14, -4
 131:Src/stm32f1xx_hal_msp.c ****   if(hspi->Instance==SPI1)
 208              		.loc 1 131 0
 209 0002 0268     		ldr	r2, [r0]
ARM GAS  C:\Users\djame\AppData\Local\Temp\ccfL1qbE.s 			page 7


 210 0004 084B     		ldr	r3, .L15
 211 0006 9A42     		cmp	r2, r3
 212 0008 00D0     		beq	.L14
 213              	.LVL14:
 214              	.L11:
 215 000a 08BD     		pop	{r3, pc}
 216              	.LVL15:
 217              	.L14:
 132:Src/stm32f1xx_hal_msp.c ****   {
 133:Src/stm32f1xx_hal_msp.c ****   /* USER CODE BEGIN SPI1_MspDeInit 0 */
 134:Src/stm32f1xx_hal_msp.c **** 
 135:Src/stm32f1xx_hal_msp.c ****   /* USER CODE END SPI1_MspDeInit 0 */
 136:Src/stm32f1xx_hal_msp.c ****     /* Peripheral clock disable */
 137:Src/stm32f1xx_hal_msp.c ****     __HAL_RCC_SPI1_CLK_DISABLE();
 218              		.loc 1 137 0
 219 000c 074A     		ldr	r2, .L15+4
 220 000e 9369     		ldr	r3, [r2, #24]
 221 0010 23F48053 		bic	r3, r3, #4096
 222 0014 9361     		str	r3, [r2, #24]
 138:Src/stm32f1xx_hal_msp.c ****   
 139:Src/stm32f1xx_hal_msp.c ****     /**SPI1 GPIO Configuration    
 140:Src/stm32f1xx_hal_msp.c ****     PB3     ------> SPI1_SCK
 141:Src/stm32f1xx_hal_msp.c ****     PB5     ------> SPI1_MOSI 
 142:Src/stm32f1xx_hal_msp.c ****     */
 143:Src/stm32f1xx_hal_msp.c ****     HAL_GPIO_DeInit(GPIOB, GPIO_PIN_3|GPIO_PIN_5);
 223              		.loc 1 143 0
 224 0016 2821     		movs	r1, #40
 225 0018 0548     		ldr	r0, .L15+8
 226              	.LVL16:
 227 001a FFF7FEFF 		bl	HAL_GPIO_DeInit
 228              	.LVL17:
 144:Src/stm32f1xx_hal_msp.c **** 
 145:Src/stm32f1xx_hal_msp.c ****     /* SPI1 interrupt DeInit */
 146:Src/stm32f1xx_hal_msp.c ****     HAL_NVIC_DisableIRQ(SPI1_IRQn);
 229              		.loc 1 146 0
 230 001e 2320     		movs	r0, #35
 231 0020 FFF7FEFF 		bl	HAL_NVIC_DisableIRQ
 232              	.LVL18:
 147:Src/stm32f1xx_hal_msp.c ****   /* USER CODE BEGIN SPI1_MspDeInit 1 */
 148:Src/stm32f1xx_hal_msp.c **** 
 149:Src/stm32f1xx_hal_msp.c ****   /* USER CODE END SPI1_MspDeInit 1 */
 150:Src/stm32f1xx_hal_msp.c ****   }
 151:Src/stm32f1xx_hal_msp.c **** 
 152:Src/stm32f1xx_hal_msp.c **** }
 233              		.loc 1 152 0
 234 0024 F1E7     		b	.L11
 235              	.L16:
 236 0026 00BF     		.align	2
 237              	.L15:
 238 0028 00300140 		.word	1073819648
 239 002c 00100240 		.word	1073876992
 240 0030 000C0140 		.word	1073810432
 241              		.cfi_endproc
 242              	.LFE66:
 244              		.section	.text.HAL_UART_MspInit,"ax",%progbits
 245              		.align	1
 246              		.global	HAL_UART_MspInit
ARM GAS  C:\Users\djame\AppData\Local\Temp\ccfL1qbE.s 			page 8


 247              		.syntax unified
 248              		.thumb
 249              		.thumb_func
 250              		.fpu softvfp
 252              	HAL_UART_MspInit:
 253              	.LFB67:
 153:Src/stm32f1xx_hal_msp.c **** 
 154:Src/stm32f1xx_hal_msp.c **** /**
 155:Src/stm32f1xx_hal_msp.c **** * @brief UART MSP Initialization
 156:Src/stm32f1xx_hal_msp.c **** * This function configures the hardware resources used in this example
 157:Src/stm32f1xx_hal_msp.c **** * @param huart: UART handle pointer
 158:Src/stm32f1xx_hal_msp.c **** * @retval None
 159:Src/stm32f1xx_hal_msp.c **** */
 160:Src/stm32f1xx_hal_msp.c **** void HAL_UART_MspInit(UART_HandleTypeDef* huart)
 161:Src/stm32f1xx_hal_msp.c **** {
 254              		.loc 1 161 0
 255              		.cfi_startproc
 256              		@ args = 0, pretend = 0, frame = 24
 257              		@ frame_needed = 0, uses_anonymous_args = 0
 258              	.LVL19:
 259 0000 30B5     		push	{r4, r5, lr}
 260              	.LCFI7:
 261              		.cfi_def_cfa_offset 12
 262              		.cfi_offset 4, -12
 263              		.cfi_offset 5, -8
 264              		.cfi_offset 14, -4
 265 0002 87B0     		sub	sp, sp, #28
 266              	.LCFI8:
 267              		.cfi_def_cfa_offset 40
 162:Src/stm32f1xx_hal_msp.c ****   GPIO_InitTypeDef GPIO_InitStruct = {0};
 268              		.loc 1 162 0
 269 0004 0023     		movs	r3, #0
 270 0006 0293     		str	r3, [sp, #8]
 271 0008 0393     		str	r3, [sp, #12]
 272 000a 0493     		str	r3, [sp, #16]
 273 000c 0593     		str	r3, [sp, #20]
 163:Src/stm32f1xx_hal_msp.c ****   if(huart->Instance==USART2)
 274              		.loc 1 163 0
 275 000e 0268     		ldr	r2, [r0]
 276 0010 1B4B     		ldr	r3, .L21
 277 0012 9A42     		cmp	r2, r3
 278 0014 01D0     		beq	.L20
 279              	.LVL20:
 280              	.L17:
 164:Src/stm32f1xx_hal_msp.c ****   {
 165:Src/stm32f1xx_hal_msp.c ****   /* USER CODE BEGIN USART2_MspInit 0 */
 166:Src/stm32f1xx_hal_msp.c **** 
 167:Src/stm32f1xx_hal_msp.c ****   /* USER CODE END USART2_MspInit 0 */
 168:Src/stm32f1xx_hal_msp.c ****     /* Peripheral clock enable */
 169:Src/stm32f1xx_hal_msp.c ****     __HAL_RCC_USART2_CLK_ENABLE();
 170:Src/stm32f1xx_hal_msp.c ****   
 171:Src/stm32f1xx_hal_msp.c ****     __HAL_RCC_GPIOA_CLK_ENABLE();
 172:Src/stm32f1xx_hal_msp.c ****     /**USART2 GPIO Configuration    
 173:Src/stm32f1xx_hal_msp.c ****     PA2     ------> USART2_TX
 174:Src/stm32f1xx_hal_msp.c ****     PA3     ------> USART2_RX 
 175:Src/stm32f1xx_hal_msp.c ****     */
 176:Src/stm32f1xx_hal_msp.c ****     GPIO_InitStruct.Pin = GPIO_PIN_2;
ARM GAS  C:\Users\djame\AppData\Local\Temp\ccfL1qbE.s 			page 9


 177:Src/stm32f1xx_hal_msp.c ****     GPIO_InitStruct.Mode = GPIO_MODE_AF_PP;
 178:Src/stm32f1xx_hal_msp.c ****     GPIO_InitStruct.Speed = GPIO_SPEED_FREQ_HIGH;
 179:Src/stm32f1xx_hal_msp.c ****     HAL_GPIO_Init(GPIOA, &GPIO_InitStruct);
 180:Src/stm32f1xx_hal_msp.c **** 
 181:Src/stm32f1xx_hal_msp.c ****     GPIO_InitStruct.Pin = GPIO_PIN_3;
 182:Src/stm32f1xx_hal_msp.c ****     GPIO_InitStruct.Mode = GPIO_MODE_INPUT;
 183:Src/stm32f1xx_hal_msp.c ****     GPIO_InitStruct.Pull = GPIO_NOPULL;
 184:Src/stm32f1xx_hal_msp.c ****     HAL_GPIO_Init(GPIOA, &GPIO_InitStruct);
 185:Src/stm32f1xx_hal_msp.c **** 
 186:Src/stm32f1xx_hal_msp.c ****     /* USART2 interrupt Init */
 187:Src/stm32f1xx_hal_msp.c ****     HAL_NVIC_SetPriority(USART2_IRQn, 1, 0);
 188:Src/stm32f1xx_hal_msp.c ****     HAL_NVIC_EnableIRQ(USART2_IRQn);
 189:Src/stm32f1xx_hal_msp.c ****   /* USER CODE BEGIN USART2_MspInit 1 */
 190:Src/stm32f1xx_hal_msp.c **** 
 191:Src/stm32f1xx_hal_msp.c ****   /* USER CODE END USART2_MspInit 1 */
 192:Src/stm32f1xx_hal_msp.c ****   }
 193:Src/stm32f1xx_hal_msp.c **** 
 194:Src/stm32f1xx_hal_msp.c **** }
 281              		.loc 1 194 0
 282 0016 07B0     		add	sp, sp, #28
 283              	.LCFI9:
 284              		.cfi_remember_state
 285              		.cfi_def_cfa_offset 12
 286              		@ sp needed
 287 0018 30BD     		pop	{r4, r5, pc}
 288              	.LVL21:
 289              	.L20:
 290              	.LCFI10:
 291              		.cfi_restore_state
 292              	.LBB8:
 169:Src/stm32f1xx_hal_msp.c ****   
 293              		.loc 1 169 0
 294 001a 03F5E633 		add	r3, r3, #117760
 295 001e DA69     		ldr	r2, [r3, #28]
 296 0020 42F40032 		orr	r2, r2, #131072
 297 0024 DA61     		str	r2, [r3, #28]
 298 0026 DA69     		ldr	r2, [r3, #28]
 299 0028 02F40032 		and	r2, r2, #131072
 300 002c 0092     		str	r2, [sp]
 301 002e 009A     		ldr	r2, [sp]
 302              	.LBE8:
 303              	.LBB9:
 171:Src/stm32f1xx_hal_msp.c ****     /**USART2 GPIO Configuration    
 304              		.loc 1 171 0
 305 0030 9A69     		ldr	r2, [r3, #24]
 306 0032 42F00402 		orr	r2, r2, #4
 307 0036 9A61     		str	r2, [r3, #24]
 308 0038 9B69     		ldr	r3, [r3, #24]
 309 003a 03F00403 		and	r3, r3, #4
 310 003e 0193     		str	r3, [sp, #4]
 311 0040 019B     		ldr	r3, [sp, #4]
 312              	.LBE9:
 176:Src/stm32f1xx_hal_msp.c ****     GPIO_InitStruct.Mode = GPIO_MODE_AF_PP;
 313              		.loc 1 176 0
 314 0042 0423     		movs	r3, #4
 315 0044 0293     		str	r3, [sp, #8]
 177:Src/stm32f1xx_hal_msp.c ****     GPIO_InitStruct.Speed = GPIO_SPEED_FREQ_HIGH;
ARM GAS  C:\Users\djame\AppData\Local\Temp\ccfL1qbE.s 			page 10


 316              		.loc 1 177 0
 317 0046 0223     		movs	r3, #2
 318 0048 0393     		str	r3, [sp, #12]
 178:Src/stm32f1xx_hal_msp.c ****     HAL_GPIO_Init(GPIOA, &GPIO_InitStruct);
 319              		.loc 1 178 0
 320 004a 0323     		movs	r3, #3
 321 004c 0593     		str	r3, [sp, #20]
 179:Src/stm32f1xx_hal_msp.c **** 
 322              		.loc 1 179 0
 323 004e 0D4D     		ldr	r5, .L21+4
 324 0050 02A9     		add	r1, sp, #8
 325 0052 2846     		mov	r0, r5
 326              	.LVL22:
 327 0054 FFF7FEFF 		bl	HAL_GPIO_Init
 328              	.LVL23:
 181:Src/stm32f1xx_hal_msp.c ****     GPIO_InitStruct.Mode = GPIO_MODE_INPUT;
 329              		.loc 1 181 0
 330 0058 0823     		movs	r3, #8
 331 005a 0293     		str	r3, [sp, #8]
 182:Src/stm32f1xx_hal_msp.c ****     GPIO_InitStruct.Pull = GPIO_NOPULL;
 332              		.loc 1 182 0
 333 005c 0024     		movs	r4, #0
 334 005e 0394     		str	r4, [sp, #12]
 183:Src/stm32f1xx_hal_msp.c ****     HAL_GPIO_Init(GPIOA, &GPIO_InitStruct);
 335              		.loc 1 183 0
 336 0060 0494     		str	r4, [sp, #16]
 184:Src/stm32f1xx_hal_msp.c **** 
 337              		.loc 1 184 0
 338 0062 0DEB0301 		add	r1, sp, r3
 339 0066 2846     		mov	r0, r5
 340 0068 FFF7FEFF 		bl	HAL_GPIO_Init
 341              	.LVL24:
 187:Src/stm32f1xx_hal_msp.c ****     HAL_NVIC_EnableIRQ(USART2_IRQn);
 342              		.loc 1 187 0
 343 006c 2246     		mov	r2, r4
 344 006e 0121     		movs	r1, #1
 345 0070 2620     		movs	r0, #38
 346 0072 FFF7FEFF 		bl	HAL_NVIC_SetPriority
 347              	.LVL25:
 188:Src/stm32f1xx_hal_msp.c ****   /* USER CODE BEGIN USART2_MspInit 1 */
 348              		.loc 1 188 0
 349 0076 2620     		movs	r0, #38
 350 0078 FFF7FEFF 		bl	HAL_NVIC_EnableIRQ
 351              	.LVL26:
 352              		.loc 1 194 0
 353 007c CBE7     		b	.L17
 354              	.L22:
 355 007e 00BF     		.align	2
 356              	.L21:
 357 0080 00440040 		.word	1073759232
 358 0084 00080140 		.word	1073809408
 359              		.cfi_endproc
 360              	.LFE67:
 362              		.section	.text.HAL_UART_MspDeInit,"ax",%progbits
 363              		.align	1
 364              		.global	HAL_UART_MspDeInit
 365              		.syntax unified
ARM GAS  C:\Users\djame\AppData\Local\Temp\ccfL1qbE.s 			page 11


 366              		.thumb
 367              		.thumb_func
 368              		.fpu softvfp
 370              	HAL_UART_MspDeInit:
 371              	.LFB68:
 195:Src/stm32f1xx_hal_msp.c **** 
 196:Src/stm32f1xx_hal_msp.c **** /**
 197:Src/stm32f1xx_hal_msp.c **** * @brief UART MSP De-Initialization
 198:Src/stm32f1xx_hal_msp.c **** * This function freeze the hardware resources used in this example
 199:Src/stm32f1xx_hal_msp.c **** * @param huart: UART handle pointer
 200:Src/stm32f1xx_hal_msp.c **** * @retval None
 201:Src/stm32f1xx_hal_msp.c **** */
 202:Src/stm32f1xx_hal_msp.c **** void HAL_UART_MspDeInit(UART_HandleTypeDef* huart)
 203:Src/stm32f1xx_hal_msp.c **** {
 372              		.loc 1 203 0
 373              		.cfi_startproc
 374              		@ args = 0, pretend = 0, frame = 0
 375              		@ frame_needed = 0, uses_anonymous_args = 0
 376              	.LVL27:
 377 0000 08B5     		push	{r3, lr}
 378              	.LCFI11:
 379              		.cfi_def_cfa_offset 8
 380              		.cfi_offset 3, -8
 381              		.cfi_offset 14, -4
 204:Src/stm32f1xx_hal_msp.c ****   if(huart->Instance==USART2)
 382              		.loc 1 204 0
 383 0002 0268     		ldr	r2, [r0]
 384 0004 084B     		ldr	r3, .L27
 385 0006 9A42     		cmp	r2, r3
 386 0008 00D0     		beq	.L26
 387              	.LVL28:
 388              	.L23:
 389 000a 08BD     		pop	{r3, pc}
 390              	.LVL29:
 391              	.L26:
 205:Src/stm32f1xx_hal_msp.c ****   {
 206:Src/stm32f1xx_hal_msp.c ****   /* USER CODE BEGIN USART2_MspDeInit 0 */
 207:Src/stm32f1xx_hal_msp.c **** 
 208:Src/stm32f1xx_hal_msp.c ****   /* USER CODE END USART2_MspDeInit 0 */
 209:Src/stm32f1xx_hal_msp.c ****     /* Peripheral clock disable */
 210:Src/stm32f1xx_hal_msp.c ****     __HAL_RCC_USART2_CLK_DISABLE();
 392              		.loc 1 210 0
 393 000c 074A     		ldr	r2, .L27+4
 394 000e D369     		ldr	r3, [r2, #28]
 395 0010 23F40033 		bic	r3, r3, #131072
 396 0014 D361     		str	r3, [r2, #28]
 211:Src/stm32f1xx_hal_msp.c ****   
 212:Src/stm32f1xx_hal_msp.c ****     /**USART2 GPIO Configuration    
 213:Src/stm32f1xx_hal_msp.c ****     PA2     ------> USART2_TX
 214:Src/stm32f1xx_hal_msp.c ****     PA3     ------> USART2_RX 
 215:Src/stm32f1xx_hal_msp.c ****     */
 216:Src/stm32f1xx_hal_msp.c ****     HAL_GPIO_DeInit(GPIOA, GPIO_PIN_2|GPIO_PIN_3);
 397              		.loc 1 216 0
 398 0016 0C21     		movs	r1, #12
 399 0018 0548     		ldr	r0, .L27+8
 400              	.LVL30:
 401 001a FFF7FEFF 		bl	HAL_GPIO_DeInit
ARM GAS  C:\Users\djame\AppData\Local\Temp\ccfL1qbE.s 			page 12


 402              	.LVL31:
 217:Src/stm32f1xx_hal_msp.c **** 
 218:Src/stm32f1xx_hal_msp.c ****     /* USART2 interrupt DeInit */
 219:Src/stm32f1xx_hal_msp.c ****     HAL_NVIC_DisableIRQ(USART2_IRQn);
 403              		.loc 1 219 0
 404 001e 2620     		movs	r0, #38
 405 0020 FFF7FEFF 		bl	HAL_NVIC_DisableIRQ
 406              	.LVL32:
 220:Src/stm32f1xx_hal_msp.c ****   /* USER CODE BEGIN USART2_MspDeInit 1 */
 221:Src/stm32f1xx_hal_msp.c **** 
 222:Src/stm32f1xx_hal_msp.c ****   /* USER CODE END USART2_MspDeInit 1 */
 223:Src/stm32f1xx_hal_msp.c ****   }
 224:Src/stm32f1xx_hal_msp.c **** 
 225:Src/stm32f1xx_hal_msp.c **** }
 407              		.loc 1 225 0
 408 0024 F1E7     		b	.L23
 409              	.L28:
 410 0026 00BF     		.align	2
 411              	.L27:
 412 0028 00440040 		.word	1073759232
 413 002c 00100240 		.word	1073876992
 414 0030 00080140 		.word	1073809408
 415              		.cfi_endproc
 416              	.LFE68:
 418              		.text
 419              	.Letext0:
 420              		.file 2 "c:\\program files (x86)\\microsoft visual studio\\2017\\community\\linux\\gcc_arm\\arm-no
 421              		.file 3 "c:\\program files (x86)\\microsoft visual studio\\2017\\community\\linux\\gcc_arm\\arm-no
 422              		.file 4 "Drivers/CMSIS/Include/core_cm3.h"
 423              		.file 5 "Drivers/CMSIS/Device/ST/STM32F1xx/Include/system_stm32f1xx.h"
 424              		.file 6 "Drivers/CMSIS/Device/ST/STM32F1xx/Include/stm32f103xb.h"
 425              		.file 7 "c:\\program files (x86)\\microsoft visual studio\\2017\\community\\linux\\gcc_arm\\arm-no
 426              		.file 8 "c:\\program files (x86)\\microsoft visual studio\\2017\\community\\linux\\gcc_arm\\arm-no
 427              		.file 9 "c:\\program files (x86)\\microsoft visual studio\\2017\\community\\linux\\gcc_arm\\lib\\g
 428              		.file 10 "c:\\program files (x86)\\microsoft visual studio\\2017\\community\\linux\\gcc_arm\\arm-n
 429              		.file 11 "Drivers/STM32F1xx_HAL_Driver/Inc/stm32f1xx_hal_def.h"
 430              		.file 12 "Drivers/STM32F1xx_HAL_Driver/Inc/stm32f1xx_hal_gpio.h"
 431              		.file 13 "Drivers/STM32F1xx_HAL_Driver/Inc/stm32f1xx_hal_dma.h"
 432              		.file 14 "Drivers/STM32F1xx_HAL_Driver/Inc/stm32f1xx_hal_spi.h"
 433              		.file 15 "Drivers/STM32F1xx_HAL_Driver/Inc/stm32f1xx_hal_uart.h"
 434              		.file 16 "Drivers/STM32F1xx_HAL_Driver/Inc/stm32f1xx_hal.h"
 435              		.file 17 "Drivers/STM32F1xx_HAL_Driver/Inc/stm32f1xx_hal_cortex.h"
ARM GAS  C:\Users\djame\AppData\Local\Temp\ccfL1qbE.s 			page 13


DEFINED SYMBOLS
                            *ABS*:00000000 stm32f1xx_hal_msp.c
C:\Users\djame\AppData\Local\Temp\ccfL1qbE.s:16     .text.HAL_MspInit:00000000 $t
C:\Users\djame\AppData\Local\Temp\ccfL1qbE.s:23     .text.HAL_MspInit:00000000 HAL_MspInit
C:\Users\djame\AppData\Local\Temp\ccfL1qbE.s:75     .text.HAL_MspInit:0000003c $d
C:\Users\djame\AppData\Local\Temp\ccfL1qbE.s:81     .text.HAL_SPI_MspInit:00000000 $t
C:\Users\djame\AppData\Local\Temp\ccfL1qbE.s:88     .text.HAL_SPI_MspInit:00000000 HAL_SPI_MspInit
C:\Users\djame\AppData\Local\Temp\ccfL1qbE.s:182    .text.HAL_SPI_MspInit:00000074 $d
C:\Users\djame\AppData\Local\Temp\ccfL1qbE.s:189    .text.HAL_SPI_MspDeInit:00000000 $t
C:\Users\djame\AppData\Local\Temp\ccfL1qbE.s:196    .text.HAL_SPI_MspDeInit:00000000 HAL_SPI_MspDeInit
C:\Users\djame\AppData\Local\Temp\ccfL1qbE.s:238    .text.HAL_SPI_MspDeInit:00000028 $d
C:\Users\djame\AppData\Local\Temp\ccfL1qbE.s:245    .text.HAL_UART_MspInit:00000000 $t
C:\Users\djame\AppData\Local\Temp\ccfL1qbE.s:252    .text.HAL_UART_MspInit:00000000 HAL_UART_MspInit
C:\Users\djame\AppData\Local\Temp\ccfL1qbE.s:357    .text.HAL_UART_MspInit:00000080 $d
C:\Users\djame\AppData\Local\Temp\ccfL1qbE.s:363    .text.HAL_UART_MspDeInit:00000000 $t
C:\Users\djame\AppData\Local\Temp\ccfL1qbE.s:370    .text.HAL_UART_MspDeInit:00000000 HAL_UART_MspDeInit
C:\Users\djame\AppData\Local\Temp\ccfL1qbE.s:412    .text.HAL_UART_MspDeInit:00000028 $d
                     .debug_frame:00000010 $d

UNDEFINED SYMBOLS
HAL_GPIO_Init
HAL_NVIC_SetPriority
HAL_NVIC_EnableIRQ
HAL_GPIO_DeInit
HAL_NVIC_DisableIRQ
